<?xml version="1.0" encoding="UTF-8"?>
<!-- Generated by org.testng.reporters.JUnitReportReporter -->
<testsuite hostname="Gangireddy" failures="0" tests="2" name="TestNGpackage.Dataprovider" time="13.239" errors="0" timestamp="2022-11-29T14:05:21 PST" skipped="0">
  <testcase classname="TestNGpackage.Dataprovider" name="test" time="7.514"/>
  <system-out/>
  <testcase classname="TestNGpackage.Dataprovider" name="test" time="5.725"/>
  <system-out/>
</testsuite> <!-- TestNGpackage.Dataprovider -->
