<?xml version="1.0" encoding="UTF-8"?>
<!-- Generated by org.testng.reporters.JUnitReportReporter -->
<testsuite hostname="Gangireddy" failures="0" tests="1" name="TestNGpackage.NewTestng1" time="51.791" errors="0" timestamp="2022-11-20T07:24:29 PST" skipped="0">
  <testcase classname="TestNGpackage.NewTestng1" name="cat" time="51.791"/>
  <system-out/>
</testsuite> <!-- TestNGpackage.NewTestng1 -->
